<?xml version="1.0" encoding="UTF-8"?>
<testsuite name="com.swift.swiftproject.ExampleUnitTest" tests="1" skipped="0" failures="0" errors="0" timestamp="2024-06-16T16:37:03" hostname="travelmate-p214" time="0.004">
  <properties/>
  <testcase name="addition_isCorrect" classname="com.swift.swiftproject.ExampleUnitTest" time="0.004"/>
  <system-out><![CDATA[]]></system-out>
  <system-err><![CDATA[]]></system-err>
</testsuite>
